#
# A fatal error has been detected by the Java Runtime Environment:
#
#  SIGILL (0x4) at pc=0x00007fff926cc2ea, pid=6708, tid=0x000000000000bc03
#
# JRE version: Java(TM) SE Runtime Environment (8.0_112-b16) (build 1.8.0_112-b16)
# Java VM: Java HotSpot(TM) 64-Bit Server VM (25.112-b16 mixed mode bsd-amd64 compressed oops)
# Problematic frame:
# C  [libobjc.A.dylib+0x122ea]  _ZL10_objc_trapv+0x0
#
# Failed to write core dump. Core dumps have been disabled. To enable core dumping, try "ulimit -c unlimited" before starting Java again
#
# If you would like to submit a bug report, please visit:
#   http://bugreport.java.com/bugreport/crash.jsp
# The crash happened outside the Java Virtual Machine in native code.
# See problematic frame for where to report the bug.
#

---------------  T H R E A D  ---------------

Current thread (0x00007fc2c29b0800):  JavaThread "AWT-EventQueue-0" [_thread_in_native, id=48131, stack(0x0000000127592000,0x0000000127692000)]

siginfo: si_signo: 4 (SIGILL), si_code: 1 (ILL_ILLOPC), si_addr: 0x00007fff926cc2ea

Registers:
RAX=0x0000000000000000, RBX=0x00007fc2c3fba1c0, RCX=0x0000000000000000, RDX=0x00007fff7da9f1e0
RSP=0x000000012768a5b8, RBP=0x000000012768a6a0, RSI=0x0000010000000100, RDI=0x0000000000000103
R8 =0x000000012768a560, R9 =0x00000000ff800000, R10=0x0000000022c4b69e, R11=0xfffffffffd815a90
R12=0x00007fff7f56b070, R13=0x00007fff7daa8e80, R14=0x00007fff7daa94a8, R15=0x00007fc2c1721ce8
RIP=0x00007fff926cc2ea, EFLAGS=0x0000000000010206, ERR=0x0000000000000000
  TRAPNO=0x0000000000000006

Top of Stack: (sp=0x000000012768a5b8)
0x000000012768a5b8:   00007fff926cc42a 00007fff7f2227e8
0x000000012768a5c8:   00007fc2c3fba1c0 00007fff9103136f
0x000000012768a5d8:   00007fff9103136f 0000000000000054
0x000000012768a5e8:   00007fc2c3fba1c0 0000000000000b10
0x000000012768a5f8:   0000000000000000 000000012768a660
0x000000012768a608:   00007fff926cfda1 00007fff7daa9490
0x000000012768a618:   00007fff7f56b070 000000012768a680
0x000000012768a628:   00007fc2c1721ce8 000000012768a660
0x000000012768a638:   00007fff9103136f 00007fff9103136f
0x000000012768a648:   0000000000000000 00007fff7d7d42c8
0x000000012768a658:   00007fc2c1721ce8 000000012768a6a0
0x000000012768a668:   00007fff926d15ad 00007fc2c67a4620
0x000000012768a678:   00007fc2c3fba310 0000003000000018
0x000000012768a688:   000000012768a6b0 000000012768a5c0
0x000000012768a698:   00007fc2c1721ce8 000000012768a710
0x000000012768a6a8:   00007fff926c3c87 401c000000000000
0x000000012768a6b8:   4035000000000000 0000000000000000
0x000000012768a6c8:   0000000000000003 000000012768a710
0x000000012768a6d8:   00007fff95adadd2 8d004956ecb82076
0x000000012768a6e8:   00007fff7daa8e80 0000000000000000
0x000000012768a6f8:   00007fff7daa8e80 00007fc2c1721ce8
0x000000012768a708:   00007fff7daa9480 000000012768a770
0x000000012768a718:   00007fff926c3ac7 0000000000000610
0x000000012768a728:   00007fc2c3fba1c0 0000000000000600
0x000000012768a738:   00007fc2c1721ce8 0000000000000000
0x000000012768a748:   0000000000000000 0000000000000000
0x000000012768a758:   0000002500000026 00007fc2c3fba1c0
0x000000012768a768:   00007fc2c1721cb0 000000012768a850
0x000000012768a778:   00007fff90fc883a 0000000000001001
0x000000012768a788:   00000001096f6400 401c000000000000
0x000000012768a798:   0000000000000080 000000001fa7cdd8
0x000000012768a7a8:   00000001096f2000 0000000000000001 

Instructions: (pc=0x00007fff926cc2ea)
0x00007fff926cc2ca:   c0 44 89 f2 e8 1f 08 01 00 48 8b 7d e0 e8 30 cc
0x00007fff926cc2da:   ff ff 48 8b 7d e0 e8 d3 15 ff ff e8 00 00 00 00
0x00007fff926cc2ea:   0f 0b 55 48 89 e5 48 81 ec d0 00 00 00 84 c0 74
0x00007fff926cc2fa:   26 0f 29 85 60 ff ff ff 0f 29 8d 70 ff ff ff 0f 

Register to memory mapping:

RAX=0x0000000000000000 is an unknown value
RBX=0x00007fc2c3fba1c0 is an unknown value
RCX=0x0000000000000000 is an unknown value
RDX=0x00007fff7da9f1e0: _ZZL14_objc_crashlogPKcE13crashlog_lock+0x20 in /usr/lib/libobjc.A.dylib at 0x00007fff926ba000
RSP=0x000000012768a5b8 is pointing into the stack for thread: 0x00007fc2c29b0800
RBP=0x000000012768a6a0 is pointing into the stack for thread: 0x00007fc2c29b0800
RSI=0x0000010000000100 is an unknown value
RDI=0x0000000000000103 is an unknown value
R8 =0x000000012768a560 is pointing into the stack for thread: 0x00007fc2c29b0800
R9 =0x00000000ff800000 is an unknown value
R10=0x0000000022c4b69e is an unknown value
R11=0xfffffffffd815a90 is an unknown value
R12=0x00007fff7f56b070: __stack_chk_guard+0 in /usr/lib/system/libsystem_c.dylib at 0x00007fff9ca14000
R13=0x00007fff7daa8e80: _ZN12_GLOBAL__N_19SideTable9table_bufE+0 in /usr/lib/libobjc.A.dylib at 0x00007fff926ba000
R14=0x00007fff7daa94a8: _ZN12_GLOBAL__N_19SideTable9table_bufE+0x628 in /usr/lib/libobjc.A.dylib at 0x00007fff926ba000
R15=0x00007fc2c1721ce8 is an unknown value


Stack: [0x0000000127592000,0x0000000127692000],  sp=0x000000012768a5b8,  free space=993k
Native frames: (J=compiled Java code, j=interpreted, Vv=VM code, C=native code)
C  [libobjc.A.dylib+0x122ea]  _ZL10_objc_trapv+0x0
C  [libobjc.A.dylib+0x9c87]  class_getMethodImplementation+0x0
C  [libobjc.A.dylib+0x9ac7]  objc_storeWeak+0xe9
C  [CoreUI+0xb683a]  csiCompressImageProviderCopyImageBlockSetWithOptions+0x3f0
C  [CoreGraphics+0x3518e]  img_blocks_create+0x1c0
C  [CoreGraphics+0x240f5]  img_data_lock+0x750
C  [CoreGraphics+0x22a1e]  CGSImageDataLock+0x97
C  [libRIP.A.dylib+0xda52]  ripc_AcquireImage+0x38a
C  [libRIP.A.dylib+0x15b73]  ripc_DrawImages+0x8a1
C  [CoreGraphics+0x6afdb]  CGContextDrawImages+0xc0
C  [CoreUI+0x9b345]  DrawNinePartImageWithOperation+0x153d
C  [CoreUI+0x99de8]  DrawNinePartElementFromRenditionWithOperation+0x1d7
C  [CoreUI+0xa0c67]  -[CUIThemeFacet _drawSpecificRenditionKey:rendition:inFrame:context:alpha:operation:isFocused:isFlipped:]+0x2be
C  [CoreUI+0xa08bb]  -[CUIThemeFacet _drawSpecificRenditionKey:inFrame:context:isFocused:isFlipped:]+0xa3
C  [CoreUI+0x9ec98]  -[CUIThemeFacet drawInFrame:isFocused:context:]+0x89
C  [CoreUI+0xedda]  _ZN20CUICoreThemeRenderer10DrawSimpleEP15CUIRenditionKeyPK13CUIDescriptora+0x232
C  [CoreUI+0x35d6f]  _ZN20CUICoreThemeRenderer4DrawEPK13CUIDescriptor17CGAffineTransformR13CUIReturnInfo+0x5b
C  [CoreUI+0x9391]  _ZN11CUIRenderer4DrawE6CGRectP9CGContextPK14__CFDictionaryPS5_+0x8e3
C  [CoreUI+0x45d6e]  CUIDraw+0xd9
C  [JavaRuntimeSupport+0x3cec]  -[_JRSYosemiteAndLaterRenderer draw:inContext:withBounds:]+0x144
C  [JavaRuntimeSupport+0x3866]  JRSUIControlDraw+0x3d
C  [libosxui.dylib+0x2628]  doPaintImage+0x15e
C  [libosxui.dylib+0x279c]  Java_apple_laf_JRSUIControl_paintImage+0x27
j  apple.laf.JRSUIControl.paintImage([IIIJJJDDDD)I+0
j  apple.laf.JRSUIControl.paintImage([IIIDDDD)I+33
j  apple.laf.JRSUIControl.paint([IIIDDDD)V+12
j  com.apple.laf.AquaPainter$AquaSingleImagePainter.createImage(IIIILjava/awt/Rectangle;Lapple/laf/JRSUIControl;Lapple/laf/JRSUIState;)Ljava/awt/Image;+74
j  com.apple.laf.AquaPainter$AquaSingleImagePainter.lambda$paintFromSingleCachedImage$0(IILjava/awt/Rectangle;Lapple/laf/JRSUIControl;Lapple/laf/JRSUIState;Ljava/lang/Integer;Ljava/lang/Integer;)Ljava/awt/Image;+16
j  com.apple.laf.AquaPainter$AquaSingleImagePainter$$Lambda$10.apply(Ljava/lang/Object;Ljava/lang/Object;)Ljava/lang/Object;+28
j  sun.awt.image.MultiResolutionCachedImage.getResolutionVariant(II)Ljava/awt/Image;+41
j  sun.awt.image.MultiResolutionCachedImage.getBaseImage()Ljava/awt/Image;+9
j  sun.awt.image.AbstractMultiResolutionImage.getWidth(Ljava/awt/image/ImageObserver;)I+1
j  sun.awt.image.MultiResolutionCachedImage.getWidth(Ljava/awt/image/ImageObserver;)I+8
j  sun.java2d.SunGraphics2D.drawImage(Ljava/awt/Image;IIIILjava/awt/Color;Ljava/awt/image/ImageObserver;)Z+20
j  sun.java2d.SunGraphics2D.drawImage(Ljava/awt/Image;IIIILjava/awt/image/ImageObserver;)Z+11
j  com.apple.laf.AquaPainter$AquaSingleImagePainter.paintFromSingleCachedImage(Ljava/awt/Graphics2D;Lapple/laf/JRSUIControl;Lapple/laf/JRSUIState;Ljava/awt/Rectangle;)V+169
j  com.apple.laf.AquaPainter$AquaSingleImagePainter.paint(Ljava/awt/Graphics2D;Lapple/laf/JRSUIState;)V+10
j  com.apple.laf.AquaPainter.paint(Ljava/awt/Graphics;Ljava/awt/Component;IIII)V+40
j  com.apple.laf.AquaButtonBorder.doButtonPaint(Ljavax/swing/AbstractButton;Ljavax/swing/ButtonModel;Ljava/awt/Graphics;IIII)V+14
j  com.apple.laf.AquaButtonBorder$Dynamic.doButtonPaint(Ljavax/swing/AbstractButton;Ljavax/swing/ButtonModel;Ljava/awt/Graphics;IIII)V+101
j  com.apple.laf.AquaButtonBorder.paintButton(Ljava/awt/Component;Ljava/awt/Graphics;IIII)V+159
j  com.apple.laf.AquaButtonUI.paint(Ljava/awt/Graphics;Ljavax/swing/JComponent;)V+149
j  javax.swing.plaf.ComponentUI.update(Ljava/awt/Graphics;Ljavax/swing/JComponent;)V+32
j  javax.swing.JComponent.paintComponent(Ljava/awt/Graphics;)V+26
j  javax.swing.JComponent.paint(Ljava/awt/Graphics;)V+286
j  javax.swing.JComponent.paintChildren(Ljava/awt/Graphics;)V+501
j  javax.swing.JComponent.paint(Ljava/awt/Graphics;)V+318
j  javax.swing.JComponent.paintToOffscreen(Ljava/awt/Graphics;IIIIII)V+41
j  javax.swing.RepaintManager$PaintManager.paintDoubleBuffered(Ljavax/swing/JComponent;Ljava/awt/Image;Ljava/awt/Graphics;IIII)V+163
j  javax.swing.RepaintManager$PaintManager.paint(Ljavax/swing/JComponent;Ljavax/swing/JComponent;Ljava/awt/Graphics;IIII)Z+116
j  javax.swing.RepaintManager.paint(Ljavax/swing/JComponent;Ljavax/swing/JComponent;Ljava/awt/Graphics;IIII)V+51
j  javax.swing.JComponent._paintImmediately(IIII)V+683
j  javax.swing.JComponent.paintImmediately(IIII)V+138
j  javax.swing.RepaintManager$4.run()Ljava/lang/Void;+81
j  javax.swing.RepaintManager$4.run()Ljava/lang/Object;+1
v  ~StubRoutines::call_stub
V  [libjvm.dylib+0x2edbd2]
V  [libjvm.dylib+0x34e310]
J 482  java.security.AccessController.doPrivileged(Ljava/security/PrivilegedAction;Ljava/security/AccessControlContext;)Ljava/lang/Object; (0 bytes) @ 0x000000010b306515 [0x000000010b306440+0xd5]
J 488 C1 java.security.ProtectionDomain$JavaSecurityAccessImpl.doIntersectionPrivilege(Ljava/security/PrivilegedAction;Ljava/security/AccessControlContext;Ljava/security/AccessControlContext;)Ljava/lang/Object; (22 bytes) @ 0x000000010b30815c [0x000000010b307ce0+0x47c]
j  javax.swing.RepaintManager.paintDirtyRegions(Ljava/util/Map;)V+154
j  javax.swing.RepaintManager.paintDirtyRegions()V+46
j  javax.swing.RepaintManager.prePaintDirtyRegions()V+73
j  javax.swing.RepaintManager.access$1200(Ljavax/swing/RepaintManager;)V+1
j  javax.swing.RepaintManager$ProcessingRunnable.run()V+37
j  java.awt.event.InvocationEvent.dispatch()V+47
j  java.awt.EventQueue.dispatchEventImpl(Ljava/awt/AWTEvent;Ljava/lang/Object;)V+21
j  java.awt.EventQueue.access$500(Ljava/awt/EventQueue;Ljava/awt/AWTEvent;Ljava/lang/Object;)V+3
j  java.awt.EventQueue$3.run()Ljava/lang/Void;+32
j  java.awt.EventQueue$3.run()Ljava/lang/Object;+1
v  ~StubRoutines::call_stub
V  [libjvm.dylib+0x2edbd2]
V  [libjvm.dylib+0x34e310]
J 482  java.security.AccessController.doPrivileged(Ljava/security/PrivilegedAction;Ljava/security/AccessControlContext;)Ljava/lang/Object; (0 bytes) @ 0x000000010b306515 [0x000000010b306440+0xd5]
J 488 C1 java.security.ProtectionDomain$JavaSecurityAccessImpl.doIntersectionPrivilege(Ljava/security/PrivilegedAction;Ljava/security/AccessControlContext;Ljava/security/AccessControlContext;)Ljava/lang/Object; (22 bytes) @ 0x000000010b30815c [0x000000010b307ce0+0x47c]
j  java.awt.EventQueue.dispatchEvent(Ljava/awt/AWTEvent;)V+46
j  java.awt.EventDispatchThread.pumpOneEventForFilters(I)V+245
j  java.awt.EventDispatchThread.pumpEventsForFilter(ILjava/awt/Conditional;Ljava/awt/EventFilter;)V+35
j  java.awt.EventDispatchThread.pumpEventsForHierarchy(ILjava/awt/Conditional;Ljava/awt/Component;)V+11
j  java.awt.EventDispatchThread.pumpEvents(ILjava/awt/Conditional;)V+4
j  java.awt.EventDispatchThread.pumpEvents(Ljava/awt/Conditional;)V+3
j  java.awt.EventDispatchThread.run()V+9
v  ~StubRoutines::call_stub
V  [libjvm.dylib+0x2edbd2]
V  [libjvm.dylib+0x2ee360]
V  [libjvm.dylib+0x2ee50c]
V  [libjvm.dylib+0x348c59]
V  [libjvm.dylib+0x56b033]
V  [libjvm.dylib+0x56c720]
V  [libjvm.dylib+0x48a7ae]
C  [libsystem_pthread.dylib+0x405a]  _pthread_body+0x83
C  [libsystem_pthread.dylib+0x3fd7]  _pthread_body+0x0
C  [libsystem_pthread.dylib+0x13ed]  thread_start+0xd
C  0x0000000000000000

Java frames: (J=compiled Java code, j=interpreted, Vv=VM code)
j  apple.laf.JRSUIControl.paintImage([IIIJJJDDDD)I+0
j  apple.laf.JRSUIControl.paintImage([IIIDDDD)I+33
j  apple.laf.JRSUIControl.paint([IIIDDDD)V+12
j  com.apple.laf.AquaPainter$AquaSingleImagePainter.createImage(IIIILjava/awt/Rectangle;Lapple/laf/JRSUIControl;Lapple/laf/JRSUIState;)Ljava/awt/Image;+74
j  com.apple.laf.AquaPainter$AquaSingleImagePainter.lambda$paintFromSingleCachedImage$0(IILjava/awt/Rectangle;Lapple/laf/JRSUIControl;Lapple/laf/JRSUIState;Ljava/lang/Integer;Ljava/lang/Integer;)Ljava/awt/Image;+16
j  com.apple.laf.AquaPainter$AquaSingleImagePainter$$Lambda$10.apply(Ljava/lang/Object;Ljava/lang/Object;)Ljava/lang/Object;+28
j  sun.awt.image.MultiResolutionCachedImage.getResolutionVariant(II)Ljava/awt/Image;+41
j  sun.awt.image.MultiResolutionCachedImage.getBaseImage()Ljava/awt/Image;+9
j  sun.awt.image.AbstractMultiResolutionImage.getWidth(Ljava/awt/image/ImageObserver;)I+1
j  sun.awt.image.MultiResolutionCachedImage.getWidth(Ljava/awt/image/ImageObserver;)I+8
j  sun.java2d.SunGraphics2D.drawImage(Ljava/awt/Image;IIIILjava/awt/Color;Ljava/awt/image/ImageObserver;)Z+20
j  sun.java2d.SunGraphics2D.drawImage(Ljava/awt/Image;IIIILjava/awt/image/ImageObserver;)Z+11
j  com.apple.laf.AquaPainter$AquaSingleImagePainter.paintFromSingleCachedImage(Ljava/awt/Graphics2D;Lapple/laf/JRSUIControl;Lapple/laf/JRSUIState;Ljava/awt/Rectangle;)V+169
j  com.apple.laf.AquaPainter$AquaSingleImagePainter.paint(Ljava/awt/Graphics2D;Lapple/laf/JRSUIState;)V+10
j  com.apple.laf.AquaPainter.paint(Ljava/awt/Graphics;Ljava/awt/Component;IIII)V+40
j  com.apple.laf.AquaButtonBorder.doButtonPaint(Ljavax/swing/AbstractButton;Ljavax/swing/ButtonModel;Ljava/awt/Graphics;IIII)V+14
j  com.apple.laf.AquaButtonBorder$Dynamic.doButtonPaint(Ljavax/swing/AbstractButton;Ljavax/swing/ButtonModel;Ljava/awt/Graphics;IIII)V+101
j  com.apple.laf.AquaButtonBorder.paintButton(Ljava/awt/Component;Ljava/awt/Graphics;IIII)V+159
j  com.apple.laf.AquaButtonUI.paint(Ljava/awt/Graphics;Ljavax/swing/JComponent;)V+149
j  javax.swing.plaf.ComponentUI.update(Ljava/awt/Graphics;Ljavax/swing/JComponent;)V+32
j  javax.swing.JComponent.paintComponent(Ljava/awt/Graphics;)V+26
j  javax.swing.JComponent.paint(Ljava/awt/Graphics;)V+286
j  javax.swing.JComponent.paintChildren(Ljava/awt/Graphics;)V+501
j  javax.swing.JComponent.paint(Ljava/awt/Graphics;)V+318
j  javax.swing.JComponent.paintToOffscreen(Ljava/awt/Graphics;IIIIII)V+41
j  javax.swing.RepaintManager$PaintManager.paintDoubleBuffered(Ljavax/swing/JComponent;Ljava/awt/Image;Ljava/awt/Graphics;IIII)V+163
j  javax.swing.RepaintManager$PaintManager.paint(Ljavax/swing/JComponent;Ljavax/swing/JComponent;Ljava/awt/Graphics;IIII)Z+116
j  javax.swing.RepaintManager.paint(Ljavax/swing/JComponent;Ljavax/swing/JComponent;Ljava/awt/Graphics;IIII)V+51
j  javax.swing.JComponent._paintImmediately(IIII)V+683
j  javax.swing.JComponent.paintImmediately(IIII)V+138
j  javax.swing.RepaintManager$4.run()Ljava/lang/Void;+81
j  javax.swing.RepaintManager$4.run()Ljava/lang/Object;+1
v  ~StubRoutines::call_stub
J 482  java.security.AccessController.doPrivileged(Ljava/security/PrivilegedAction;Ljava/security/AccessControlContext;)Ljava/lang/Object; (0 bytes) @ 0x000000010b3064a3 [0x000000010b306440+0x63]
J 488 C1 java.security.ProtectionDomain$JavaSecurityAccessImpl.doIntersectionPrivilege(Ljava/security/PrivilegedAction;Ljava/security/AccessControlContext;Ljava/security/AccessControlContext;)Ljava/lang/Object; (22 bytes) @ 0x000000010b30815c [0x000000010b307ce0+0x47c]
j  javax.swing.RepaintManager.paintDirtyRegions(Ljava/util/Map;)V+154
j  javax.swing.RepaintManager.paintDirtyRegions()V+46
j  javax.swing.RepaintManager.prePaintDirtyRegions()V+73
j  javax.swing.RepaintManager.access$1200(Ljavax/swing/RepaintManager;)V+1
j  javax.swing.RepaintManager$ProcessingRunnable.run()V+37
j  java.awt.event.InvocationEvent.dispatch()V+47
j  java.awt.EventQueue.dispatchEventImpl(Ljava/awt/AWTEvent;Ljava/lang/Object;)V+21
j  java.awt.EventQueue.access$500(Ljava/awt/EventQueue;Ljava/awt/AWTEvent;Ljava/lang/Object;)V+3
j  java.awt.EventQueue$3.run()Ljava/lang/Void;+32
j  java.awt.EventQueue$3.run()Ljava/lang/Object;+1
v  ~StubRoutines::call_stub
J 482  java.security.AccessController.doPrivileged(Ljava/security/PrivilegedAction;Ljava/security/AccessControlContext;)Ljava/lang/Object; (0 bytes) @ 0x000000010b3064a3 [0x000000010b306440+0x63]
J 488 C1 java.security.ProtectionDomain$JavaSecurityAccessImpl.doIntersectionPrivilege(Ljava/security/PrivilegedAction;Ljava/security/AccessControlContext;Ljava/security/AccessControlContext;)Ljava/lang/Object; (22 bytes) @ 0x000000010b30815c [0x000000010b307ce0+0x47c]
j  java.awt.EventQueue.dispatchEvent(Ljava/awt/AWTEvent;)V+46
j  java.awt.EventDispatchThread.pumpOneEventForFilters(I)V+245
j  java.awt.EventDispatchThread.pumpEventsForFilter(ILjava/awt/Conditional;Ljava/awt/EventFilter;)V+35
j  java.awt.EventDispatchThread.pumpEventsForHierarchy(ILjava/awt/Conditional;Ljava/awt/Component;)V+11
j  java.awt.EventDispatchThread.pumpEvents(ILjava/awt/Conditional;)V+4
j  java.awt.EventDispatchThread.pumpEvents(Ljava/awt/Conditional;)V+3
j  java.awt.EventDispatchThread.run()V+9
v  ~StubRoutines::call_stub

---------------  P R O C E S S  ---------------

Java Threads: ( => current thread )
  0x00007fc2c30aa800 JavaThread "Java2D Disposer" daemon [_thread_blocked, id=51735, stack(0x00000001286ef000,0x00000001287ef000)]
  0x00007fc2c2007000 JavaThread "Java2D Queue Flusher" daemon [_thread_blocked, id=49671, stack(0x0000000127695000,0x0000000127795000)]
  0x00007fc2c29b1800 JavaThread "DestroyJavaVM" [_thread_blocked, id=4867, stack(0x000000010afa3000,0x000000010b0a3000)]
=>0x00007fc2c29b0800 JavaThread "AWT-EventQueue-0" [_thread_in_native, id=48131, stack(0x0000000127592000,0x0000000127692000)]
  0x00007fc2c3016000 JavaThread "AWT-Shutdown" [_thread_blocked, id=27923, stack(0x0000000124b21000,0x0000000124c21000)]
  0x00007fc2c18f4800 JavaThread "AppKit Thread" daemon [_thread_in_native, id=1811, stack(0x00007fff55d29000,0x00007fff56529000)]
  0x00007fc2c2838000 JavaThread "Service Thread" daemon [_thread_blocked, id=18179, stack(0x0000000122e92000,0x0000000122f92000)]
  0x00007fc2c3006800 JavaThread "C1 CompilerThread2" daemon [_thread_blocked, id=17667, stack(0x0000000122d8f000,0x0000000122e8f000)]
  0x00007fc2c3005800 JavaThread "C2 CompilerThread1" daemon [_thread_blocked, id=17155, stack(0x0000000122c8c000,0x0000000122d8c000)]
  0x00007fc2c3002000 JavaThread "C2 CompilerThread0" daemon [_thread_blocked, id=16643, stack(0x0000000122b89000,0x0000000122c89000)]
  0x00007fc2c184a800 JavaThread "Signal Dispatcher" daemon [_thread_blocked, id=12567, stack(0x0000000122a86000,0x0000000122b86000)]
  0x00007fc2c202b000 JavaThread "Finalizer" daemon [_thread_blocked, id=11523, stack(0x0000000121060000,0x0000000121160000)]
  0x00007fc2c2006000 JavaThread "Reference Handler" daemon [_thread_blocked, id=11011, stack(0x0000000120f5d000,0x000000012105d000)]

Other Threads:
  0x00007fc2c281e800 VMThread [stack: 0x0000000120e5a000,0x0000000120f5a000] [id=10499]
  0x00007fc2c2839000 WatcherThread [stack: 0x0000000122f95000,0x0000000123095000] [id=18691]

VM state:not at safepoint (normal execution)

VM Mutex/Monitor currently owned by a thread: None

Heap:
 PSYoungGen      total 38400K, used 8913K [0x0000000795580000, 0x0000000798000000, 0x00000007c0000000)
  eden space 33280K, 26% used [0x0000000795580000,0x0000000795e34778,0x0000000797600000)
  from space 5120K, 0% used [0x0000000797b00000,0x0000000797b00000,0x0000000798000000)
  to   space 5120K, 0% used [0x0000000797600000,0x0000000797600000,0x0000000797b00000)
 ParOldGen       total 87552K, used 0K [0x0000000740000000, 0x0000000745580000, 0x0000000795580000)
  object space 87552K, 0% used [0x0000000740000000,0x0000000740000000,0x0000000745580000)
 Metaspace       used 9785K, capacity 9988K, committed 10240K, reserved 1058816K
  class space    used 1209K, capacity 1263K, committed 1280K, reserved 1048576K

Card table byte_map: [0x000000011a4ab000,0x000000011a8ac000] byte_map_base: 0x0000000116aab000

Marking Bits: (ParMarkBitMap*) 0x000000010a8f0d30
 Begin Bits: [0x000000011af63000, 0x000000011cf63000)
 End Bits:   [0x000000011cf63000, 0x000000011ef63000)

Polling page: 0x00000001097fb000

CodeCache: size=245760Kb used=2190Kb max_used=2190Kb free=243569Kb
 bounds [0x000000010b0eb000, 0x000000010b35b000, 0x000000011a0eb000]
 total_blobs=991 nmethods=507 adapters=398
 compilation: enabled

Compilation events (10 events):
Event: 4.885 Thread 0x00007fc2c3006800  504       3       java.awt.Component::contains (7 bytes)
Event: 4.886 Thread 0x00007fc2c3006800 nmethod 504 0x000000010b30db90 code [0x000000010b30dd00, 0x000000010b30e030]
Event: 4.886 Thread 0x00007fc2c3006800  503       3       java.lang.Thread::isInterrupted (6 bytes)
Event: 4.886 Thread 0x00007fc2c3006800 nmethod 503 0x000000010b30e0d0 code [0x000000010b30e240, 0x000000010b30e3c8]
Event: 5.007 Thread 0x00007fc2c3006800  505       3       sun.awt.AWTAutoShutdown::notifyToolkitThreadBusy (8 bytes)
Event: 5.007 Thread 0x00007fc2c3006800 nmethod 505 0x000000010b30e450 code [0x000000010b30e5c0, 0x000000010b30e788]
Event: 5.007 Thread 0x00007fc2c3006800  506       3       sun.awt.AWTAutoShutdown::notifyToolkitThreadFree (8 bytes)
Event: 5.007 Thread 0x00007fc2c3006800 nmethod 506 0x000000010b30e850 code [0x000000010b30e9c0, 0x000000010b30eb88]
Event: 9.264 Thread 0x00007fc2c3006800  507       3       java.util.HashMap::afterNodeAccess (1 bytes)
Event: 9.264 Thread 0x00007fc2c3006800 nmethod 507 0x000000010b30ec50 code [0x000000010b30eda0, 0x000000010b30eef0]

GC Heap History (0 events):
No events

Deoptimization events (5 events):
Event: 4.205 Thread 0x00007fc2c29b0800 Uncommon trap: reason=unstable_if action=reinterpret pc=0x000000010b2cd05c method=java.lang.String.replace(CC)Ljava/lang/String; @ 26
Event: 9.266 Thread 0x00007fc2c29b0800 Uncommon trap: reason=class_check action=maybe_recompile pc=0x000000010b25a158 method=java.lang.String.equals(Ljava/lang/Object;)Z @ 8
Event: 9.266 Thread 0x00007fc2c29b0800 Uncommon trap: reason=class_check action=maybe_recompile pc=0x000000010b25a158 method=java.lang.String.equals(Ljava/lang/Object;)Z @ 8
Event: 9.266 Thread 0x00007fc2c29b0800 Uncommon trap: reason=class_check action=maybe_recompile pc=0x000000010b25a158 method=java.lang.String.equals(Ljava/lang/Object;)Z @ 8
Event: 9.266 Thread 0x00007fc2c29b0800 Uncommon trap: reason=class_check action=maybe_recompile pc=0x000000010b25a158 method=java.lang.String.equals(Ljava/lang/Object;)Z @ 8

Internal exceptions (10 events):
Event: 0.158 Thread 0x00007fc2c2007000 Exception <a 'java/security/PrivilegedActionException'> (0x0000000795702d38) thrown at [/Users/java_re/workspace/8-2-build-macosx-x86_64/jdk8u112/7935/hotspot/src/share/vm/prims/jvm.cpp, line 1390]
Event: 0.158 Thread 0x00007fc2c2007000 Exception <a 'java/security/PrivilegedActionException'> (0x0000000795702f48) thrown at [/Users/java_re/workspace/8-2-build-macosx-x86_64/jdk8u112/7935/hotspot/src/share/vm/prims/jvm.cpp, line 1390]
Event: 0.158 Thread 0x00007fc2c2007000 Exception <a 'java/security/PrivilegedActionException'> (0x0000000795706250) thrown at [/Users/java_re/workspace/8-2-build-macosx-x86_64/jdk8u112/7935/hotspot/src/share/vm/prims/jvm.cpp, line 1390]
Event: 0.158 Thread 0x00007fc2c2007000 Exception <a 'java/security/PrivilegedActionException'> (0x0000000795706460) thrown at [/Users/java_re/workspace/8-2-build-macosx-x86_64/jdk8u112/7935/hotspot/src/share/vm/prims/jvm.cpp, line 1390]
Event: 0.197 Thread 0x00007fc2c2007000 Exception <a 'java/lang/NoSuchFieldError': method resolution failed> (0x00000007957d4718) thrown at [/Users/java_re/workspace/8-2-build-macosx-x86_64/jdk8u112/7935/hotspot/src/share/vm/prims/methodHandles.cpp, line 1146]
Event: 0.199 Thread 0x00007fc2c2007000 Exception <a 'java/lang/NoSuchFieldError': method resolution failed> (0x00000007957e1ee8) thrown at [/Users/java_re/workspace/8-2-build-macosx-x86_64/jdk8u112/7935/hotspot/src/share/vm/prims/methodHandles.cpp, line 1146]
Event: 0.476 Thread 0x00007fc2c2007000 Exception <a 'java/io/FileNotFoundException'> (0x000000079585ccd0) thrown at [/Users/java_re/workspace/8-2-build-macosx-x86_64/jdk8u112/7935/hotspot/src/share/vm/prims/jni.cpp, line 709]
Event: 0.476 Thread 0x00007fc2c2007000 Exception <a 'java/io/FileNotFoundException'> (0x000000079585d878) thrown at [/Users/java_re/workspace/8-2-build-macosx-x86_64/jdk8u112/7935/hotspot/src/share/vm/prims/jni.cpp, line 709]
Event: 4.215 Thread 0x00007fc2c29b0800 Exception <a 'java/lang/IndexOutOfBoundsException'> (0x0000000795d9a4e8) thrown at [/Users/java_re/workspace/8-2-build-macosx-x86_64/jdk8u112/7935/hotspot/src/share/vm/prims/jvm.cpp, line 1394]
Event: 4.215 Thread 0x00007fc2c29b0800 Exception <a 'java/lang/IndexOutOfBoundsException'> (0x0000000795d9a4e8) thrown at [/Users/java_re/workspace/8-2-build-macosx-x86_64/jdk8u112/7935/hotspot/src/share/vm/prims/jvm.cpp, line 1394]

Events (10 events):
Event: 9.266 Thread 0x00007fc2c29b0800 DEOPT UNPACKING pc=0x000000010b0f0229 sp=0x000000012768ec40 mode 2
Event: 9.266 Thread 0x00007fc2c29b0800 Uncommon trap: trap_request=0xffffffde fr.pc=0x000000010b25a158
Event: 9.266 Thread 0x00007fc2c29b0800 DEOPT PACKING pc=0x000000010b25a158 sp=0x000000012768ebe0
Event: 9.266 Thread 0x00007fc2c29b0800 DEOPT UNPACKING pc=0x000000010b0f0229 sp=0x000000012768eb90 mode 2
Event: 9.266 Thread 0x00007fc2c29b0800 Uncommon trap: trap_request=0xffffffde fr.pc=0x000000010b25a158
Event: 9.266 Thread 0x00007fc2c29b0800 DEOPT PACKING pc=0x000000010b25a158 sp=0x000000012768ec90
Event: 9.266 Thread 0x00007fc2c29b0800 DEOPT UNPACKING pc=0x000000010b0f0229 sp=0x000000012768ec40 mode 2
Event: 9.266 Thread 0x00007fc2c29b0800 Uncommon trap: trap_request=0xffffffde fr.pc=0x000000010b25a158
Event: 9.266 Thread 0x00007fc2c29b0800 DEOPT PACKING pc=0x000000010b25a158 sp=0x000000012768ebe0
Event: 9.266 Thread 0x00007fc2c29b0800 DEOPT UNPACKING pc=0x000000010b0f0229 sp=0x000000012768eb90 mode 2


Dynamic libraries:
0x000000000cf6d000 	/System/Library/Frameworks/Cocoa.framework/Versions/A/Cocoa
0x000000000cf6d000 	/System/Library/Frameworks/Security.framework/Versions/A/Security
0x000000000cf6d000 	/System/Library/Frameworks/ApplicationServices.framework/Versions/A/ApplicationServices
0x000000000cf6d000 	/usr/lib/libz.1.dylib
0x000000000cf6d000 	/usr/lib/libSystem.B.dylib
0x000000000cf6d000 	/usr/lib/libobjc.A.dylib
0x000000000cf6d000 	/System/Library/Frameworks/CoreFoundation.framework/Versions/A/CoreFoundation
0x000000000cf6d000 	/System/Library/Frameworks/Foundation.framework/Versions/C/Foundation
0x000000000cf6d000 	/System/Library/Frameworks/AppKit.framework/Versions/C/AppKit
0x000000000cf6d000 	/System/Library/Frameworks/CoreData.framework/Versions/A/CoreData
0x000000000cf6d000 	/System/Library/PrivateFrameworks/RemoteViewServices.framework/Versions/A/RemoteViewServices
0x000000000cf6d000 	/System/Library/PrivateFrameworks/UIFoundation.framework/Versions/A/UIFoundation
0x000000000cf6d000 	/System/Library/Frameworks/IOSurface.framework/Versions/A/IOSurface
0x000000000cf6d000 	/System/Library/Frameworks/AudioToolbox.framework/Versions/A/AudioToolbox
0x000000000cf6d000 	/System/Library/Frameworks/AudioUnit.framework/Versions/A/AudioUnit
0x000000000cf6d000 	/System/Library/PrivateFrameworks/DataDetectorsCore.framework/Versions/A/DataDetectorsCore
0x000000000cf6d000 	/System/Library/PrivateFrameworks/DesktopServicesPriv.framework/Versions/A/DesktopServicesPriv
0x000000000cf6d000 	/System/Library/Frameworks/Carbon.framework/Versions/A/Frameworks/HIToolbox.framework/Versions/A/HIToolbox
0x000000000cf6d000 	/System/Library/Frameworks/QuartzCore.framework/Versions/A/QuartzCore
0x000000000cf6d000 	/System/Library/Frameworks/Carbon.framework/Versions/A/Frameworks/SpeechRecognition.framework/Versions/A/SpeechRecognition
0x000000000cf6d000 	/usr/lib/libauto.dylib
0x000000000cf6d000 	/usr/lib/libicucore.A.dylib
0x000000000cf6d000 	/usr/lib/libxml2.2.dylib
0x000000000cf6d000 	/System/Library/PrivateFrameworks/CoreUI.framework/Versions/A/CoreUI
0x000000000cf6d000 	/System/Library/Frameworks/CoreAudio.framework/Versions/A/CoreAudio
0x000000000cf6d000 	/System/Library/Frameworks/DiskArbitration.framework/Versions/A/DiskArbitration
0x000000000cf6d000 	/usr/lib/liblangid.dylib
0x000000000cf6d000 	/System/Library/PrivateFrameworks/MultitouchSupport.framework/Versions/A/MultitouchSupport
0x000000000cf6d000 	/System/Library/Frameworks/IOKit.framework/Versions/A/IOKit
0x000000000cf6d000 	/usr/lib/libDiagnosticMessagesClient.dylib
0x000000000cf6d000 	/System/Library/Frameworks/CoreServices.framework/Versions/A/CoreServices
0x000000000cf6d000 	/System/Library/PrivateFrameworks/PerformanceAnalysis.framework/Versions/A/PerformanceAnalysis
0x000000000cf6d000 	/System/Library/PrivateFrameworks/GenerationalStorage.framework/Versions/A/GenerationalStorage
0x000000000cf6d000 	/System/Library/Frameworks/OpenGL.framework/Versions/A/OpenGL
0x000000000cf6d000 	/System/Library/PrivateFrameworks/Sharing.framework/Versions/A/Sharing
0x000000000cf6d000 	/System/Library/Frameworks/CoreGraphics.framework/Versions/A/CoreGraphics
0x000000000cf6d000 	/System/Library/Frameworks/CoreText.framework/Versions/A/CoreText
0x000000000cf6d000 	/System/Library/Frameworks/ImageIO.framework/Versions/A/ImageIO
0x000000000cf6d000 	/usr/lib/libextension.dylib
0x000000000cf6d000 	/System/Library/PrivateFrameworks/Backup.framework/Versions/A/Backup
0x000000000cf6d000 	/usr/lib/libarchive.2.dylib
0x000000000cf6d000 	/System/Library/Frameworks/CFNetwork.framework/Versions/A/CFNetwork
0x000000000cf6d000 	/System/Library/Frameworks/SystemConfiguration.framework/Versions/A/SystemConfiguration
0x000000000cf6d000 	/usr/lib/libCRFSuite.dylib
0x000000000cf6d000 	/usr/lib/libc++.1.dylib
0x000000000cf6d000 	/usr/lib/libc++abi.dylib
0x000000000cf6d000 	/usr/lib/system/libcache.dylib
0x000000000cf6d000 	/usr/lib/system/libcommonCrypto.dylib
0x000000000cf6d000 	/usr/lib/system/libcompiler_rt.dylib
0x000000000cf6d000 	/usr/lib/system/libcopyfile.dylib
0x000000000cf6d000 	/usr/lib/system/libcorecrypto.dylib
0x000000000cf6d000 	/usr/lib/system/libdispatch.dylib
0x000000000cf6d000 	/usr/lib/system/libdyld.dylib
0x000000000cf6d000 	/usr/lib/system/libkeymgr.dylib
0x000000000cf6d000 	/usr/lib/system/liblaunch.dylib
0x000000000cf6d000 	/usr/lib/system/libmacho.dylib
0x000000000cf6d000 	/usr/lib/system/libquarantine.dylib
0x000000000cf6d000 	/usr/lib/system/libremovefile.dylib
0x000000000cf6d000 	/usr/lib/system/libsystem_asl.dylib
0x000000000cf6d000 	/usr/lib/system/libsystem_blocks.dylib
0x000000000cf6d000 	/usr/lib/system/libsystem_c.dylib
0x000000000cf6d000 	/usr/lib/system/libsystem_configuration.dylib
0x000000000cf6d000 	/usr/lib/system/libsystem_coreservices.dylib
0x000000000cf6d000 	/usr/lib/system/libsystem_coretls.dylib
0x000000000cf6d000 	/usr/lib/system/libsystem_dnssd.dylib
0x000000000cf6d000 	/usr/lib/system/libsystem_info.dylib
0x000000000cf6d000 	/usr/lib/system/libsystem_kernel.dylib
0x000000000cf6d000 	/usr/lib/system/libsystem_m.dylib
0x000000000cf6d000 	/usr/lib/system/libsystem_malloc.dylib
0x000000000cf6d000 	/usr/lib/system/libsystem_network.dylib
0x000000000cf6d000 	/usr/lib/system/libsystem_networkextension.dylib
0x000000000cf6d000 	/usr/lib/system/libsystem_notify.dylib
0x000000000cf6d000 	/usr/lib/system/libsystem_platform.dylib
0x000000000cf6d000 	/usr/lib/system/libsystem_pthread.dylib
0x000000000cf6d000 	/usr/lib/system/libsystem_sandbox.dylib
0x000000000cf6d000 	/usr/lib/system/libsystem_secinit.dylib
0x000000000cf6d000 	/usr/lib/system/libsystem_stats.dylib
0x000000000cf6d000 	/usr/lib/system/libsystem_trace.dylib
0x000000000cf6d000 	/usr/lib/system/libunc.dylib
0x000000000cf6d000 	/usr/lib/system/libunwind.dylib
0x000000000cf6d000 	/usr/lib/system/libxpc.dylib
0x000000000cf6d000 	/usr/lib/libbz2.1.0.dylib
0x000000000cf6d000 	/usr/lib/liblzma.5.dylib
0x000000000cf6d000 	/usr/lib/libbsm.0.dylib
0x000000000cf6d000 	/usr/lib/libsqlite3.dylib
0x000000000cf6d000 	/usr/lib/system/libkxld.dylib
0x000000000cf6d000 	/usr/lib/libxar.1.dylib
0x000000000cf6d000 	/usr/lib/libpam.2.dylib
0x000000000cf6d000 	/usr/lib/libOpenScriptingUtil.dylib
0x000000000cf6d000 	/System/Library/Frameworks/CoreServices.framework/Versions/A/Frameworks/FSEvents.framework/Versions/A/FSEvents
0x000000000cf6d000 	/System/Library/Frameworks/CoreServices.framework/Versions/A/Frameworks/CarbonCore.framework/Versions/A/CarbonCore
0x000000000cf6d000 	/System/Library/Frameworks/CoreServices.framework/Versions/A/Frameworks/Metadata.framework/Versions/A/Metadata
0x000000000cf6d000 	/System/Library/Frameworks/CoreServices.framework/Versions/A/Frameworks/OSServices.framework/Versions/A/OSServices
0x000000000cf6d000 	/System/Library/Frameworks/CoreServices.framework/Versions/A/Frameworks/SearchKit.framework/Versions/A/SearchKit
0x000000000cf6d000 	/System/Library/Frameworks/CoreServices.framework/Versions/A/Frameworks/AE.framework/Versions/A/AE
0x000000000cf6d000 	/System/Library/Frameworks/CoreServices.framework/Versions/A/Frameworks/LaunchServices.framework/Versions/A/LaunchServices
0x000000000cf6d000 	/System/Library/Frameworks/CoreServices.framework/Versions/A/Frameworks/DictionaryServices.framework/Versions/A/DictionaryServices
0x000000000cf6d000 	/System/Library/Frameworks/NetFS.framework/Versions/A/NetFS
0x000000000cf6d000 	/System/Library/PrivateFrameworks/NetAuth.framework/Versions/A/NetAuth
0x000000000cf6d000 	/System/Library/PrivateFrameworks/login.framework/Versions/A/Frameworks/loginsupport.framework/Versions/A/loginsupport
0x000000000cf6d000 	/System/Library/PrivateFrameworks/TCC.framework/Versions/A/TCC
0x000000000cf6d000 	/usr/lib/libmecabra.dylib
0x000000000cf6d000 	/System/Library/Frameworks/ApplicationServices.framework/Versions/A/Frameworks/ATS.framework/Versions/A/ATS
0x000000000cf6d000 	/System/Library/Frameworks/ApplicationServices.framework/Versions/A/Frameworks/ColorSync.framework/Versions/A/ColorSync
0x000000000cf6d000 	/System/Library/Frameworks/ApplicationServices.framework/Versions/A/Frameworks/HIServices.framework/Versions/A/HIServices
0x000000000cf6d000 	/System/Library/Frameworks/ApplicationServices.framework/Versions/A/Frameworks/LangAnalysis.framework/Versions/A/LangAnalysis
0x000000000cf6d000 	/System/Library/Frameworks/ApplicationServices.framework/Versions/A/Frameworks/PrintCore.framework/Versions/A/PrintCore
0x000000000cf6d000 	/System/Library/Frameworks/ApplicationServices.framework/Versions/A/Frameworks/QD.framework/Versions/A/QD
0x000000000cf6d000 	/System/Library/Frameworks/ApplicationServices.framework/Versions/A/Frameworks/SpeechSynthesis.framework/Versions/A/SpeechSynthesis
0x000000000cf6d000 	/System/Library/Frameworks/Accelerate.framework/Versions/A/Accelerate
0x000000000cf6d000 	/System/Library/Frameworks/Accelerate.framework/Versions/A/Frameworks/vImage.framework/Versions/A/vImage
0x000000000cf6d000 	/System/Library/Frameworks/Accelerate.framework/Versions/A/Frameworks/vecLib.framework/Versions/A/vecLib
0x000000000cf6d000 	/System/Library/Frameworks/Accelerate.framework/Versions/A/Frameworks/vecLib.framework/Versions/A/libvDSP.dylib
0x000000000cf6d000 	/System/Library/Frameworks/Accelerate.framework/Versions/A/Frameworks/vecLib.framework/Versions/A/libvMisc.dylib
0x000000000cf6d000 	/System/Library/Frameworks/Accelerate.framework/Versions/A/Frameworks/vecLib.framework/Versions/A/libLAPACK.dylib
0x000000000cf6d000 	/System/Library/Frameworks/Accelerate.framework/Versions/A/Frameworks/vecLib.framework/Versions/A/libBLAS.dylib
0x000000000cf6d000 	/System/Library/Frameworks/Accelerate.framework/Versions/A/Frameworks/vecLib.framework/Versions/A/libLinearAlgebra.dylib
0x000000000cf6d000 	/System/Library/Frameworks/ApplicationServices.framework/Versions/A/Frameworks/ATS.framework/Versions/A/Resources/libFontParser.dylib
0x000000000cf6d000 	/System/Library/Frameworks/ApplicationServices.framework/Versions/A/Frameworks/ATS.framework/Versions/A/Resources/libFontRegistry.dylib
0x000000000cf6d000 	/System/Library/PrivateFrameworks/AppleVPA.framework/Versions/A/AppleVPA
0x000000000cf6d000 	/System/Library/PrivateFrameworks/AppleJPEG.framework/Versions/A/AppleJPEG
0x000000000cf6d000 	/System/Library/Frameworks/ImageIO.framework/Versions/A/Resources/libJPEG.dylib
0x000000000cf6d000 	/System/Library/Frameworks/ImageIO.framework/Versions/A/Resources/libTIFF.dylib
0x000000000cf6d000 	/System/Library/Frameworks/ImageIO.framework/Versions/A/Resources/libPng.dylib
0x000000000cf6d000 	/System/Library/Frameworks/ImageIO.framework/Versions/A/Resources/libGIF.dylib
0x000000000cf6d000 	/System/Library/Frameworks/ImageIO.framework/Versions/A/Resources/libJP2.dylib
0x000000000cf6d000 	/System/Library/Frameworks/ImageIO.framework/Versions/A/Resources/libRadiance.dylib
0x000000000cf6d000 	/System/Library/Frameworks/CoreVideo.framework/Versions/A/CoreVideo
0x000000000cf6d000 	/System/Library/Frameworks/OpenGL.framework/Versions/A/Libraries/libGLU.dylib
0x000000000cf6d000 	/System/Library/Frameworks/OpenGL.framework/Versions/A/Libraries/libGFXShared.dylib
0x000000000cf6d000 	/System/Library/Frameworks/OpenGL.framework/Versions/A/Libraries/libGL.dylib
0x000000000cf6d000 	/System/Library/Frameworks/OpenGL.framework/Versions/A/Libraries/libGLImage.dylib
0x000000000cf6d000 	/System/Library/Frameworks/OpenGL.framework/Versions/A/Libraries/libCVMSPluginSupport.dylib
0x000000000cf6d000 	/System/Library/Frameworks/OpenGL.framework/Versions/A/Libraries/libCoreVMClient.dylib
0x000000000cf6d000 	/usr/lib/libcups.2.dylib
0x000000000cf6d000 	/System/Library/Frameworks/Kerberos.framework/Versions/A/Kerberos
0x000000000cf6d000 	/System/Library/Frameworks/GSS.framework/Versions/A/GSS
0x000000000cf6d000 	/usr/lib/libresolv.9.dylib
0x000000000cf6d000 	/usr/lib/libiconv.2.dylib
0x000000000cf6d000 	/System/Library/PrivateFrameworks/Heimdal.framework/Versions/A/Heimdal
0x000000000cf6d000 	/usr/lib/libheimdal-asn1.dylib
0x000000000cf6d000 	/System/Library/Frameworks/OpenDirectory.framework/Versions/A/OpenDirectory
0x000000000cf6d000 	/System/Library/PrivateFrameworks/CommonAuth.framework/Versions/A/CommonAuth
0x000000000cf6d000 	/System/Library/Frameworks/OpenDirectory.framework/Versions/A/Frameworks/CFOpenDirectory.framework/Versions/A/CFOpenDirectory
0x000000000cf6d000 	/System/Library/Frameworks/SecurityFoundation.framework/Versions/A/SecurityFoundation
0x000000000cf6d000 	/System/Library/PrivateFrameworks/LanguageModeling.framework/Versions/A/LanguageModeling
0x000000000cf6d000 	/usr/lib/libcmph.dylib
0x000000000cf6d000 	/System/Library/Frameworks/ServiceManagement.framework/Versions/A/ServiceManagement
0x000000000cf6d000 	/usr/lib/libxslt.1.dylib
0x000000000cf6d000 	/System/Library/Frameworks/Carbon.framework/Versions/A/Frameworks/Ink.framework/Versions/A/Ink
0x000000000cf6d000 	/System/Library/Frameworks/QuartzCore.framework/Versions/A/Frameworks/CoreImage.framework/Versions/A/CoreImage
0x000000000cf6d000 	/System/Library/PrivateFrameworks/CrashReporterSupport.framework/Versions/A/CrashReporterSupport
0x000000000cf6d000 	/System/Library/Frameworks/OpenCL.framework/Versions/A/OpenCL
0x000000000cf6d000 	/System/Library/PrivateFrameworks/FaceCore.framework/Versions/A/FaceCore
0x000000000cf6d000 	/System/Library/PrivateFrameworks/Ubiquity.framework/Versions/A/Ubiquity
0x000000000cf6d000 	/System/Library/PrivateFrameworks/IconServices.framework/Versions/A/IconServices
0x000000000cf6d000 	/System/Library/PrivateFrameworks/ChunkingLibrary.framework/Versions/A/ChunkingLibrary
0x000000000cf6d000 	/System/Library/PrivateFrameworks/Apple80211.framework/Versions/A/Apple80211
0x000000000cf6d000 	/System/Library/Frameworks/CoreWLAN.framework/Versions/A/CoreWLAN
0x000000000cf6d000 	/System/Library/Frameworks/IOBluetooth.framework/Versions/A/IOBluetooth
0x000000000cf6d000 	/System/Library/PrivateFrameworks/CoreWiFi.framework/Versions/A/CoreWiFi
0x000000000cf6d000 	/System/Library/Frameworks/CoreBluetooth.framework/Versions/A/CoreBluetooth
0x000000000cf6d000 	/System/Library/PrivateFrameworks/DebugSymbols.framework/Versions/A/DebugSymbols
0x000000000cf6d000 	/System/Library/PrivateFrameworks/CoreSymbolication.framework/Versions/A/CoreSymbolication
0x000000000cf6d000 	/System/Library/PrivateFrameworks/Symbolication.framework/Versions/A/Symbolication
0x000000000cf6d000 	/System/Library/PrivateFrameworks/SpeechRecognitionCore.framework/Versions/A/SpeechRecognitionCore
0x000000010a000000 	/Library/Java/JavaVirtualMachines/jdk1.8.0_112.jdk/Contents/Home/jre/lib/server/libjvm.dylib
0x000000000cf6d000 	/usr/lib/libstdc++.6.dylib
0x00000001097ed000 	/Library/Java/JavaVirtualMachines/jdk1.8.0_112.jdk/Contents/Home/jre/lib/libverify.dylib
0x000000010b0a5000 	/Library/Java/JavaVirtualMachines/jdk1.8.0_112.jdk/Contents/Home/jre/lib/libjava.dylib
0x000000010b0e2000 	/Library/Java/JavaVirtualMachines/jdk1.8.0_112.jdk/Contents/Home/jre/lib/libzip.dylib
0x0000000121162000 	/System/Library/Frameworks/JavaVM.framework/Frameworks/JavaRuntimeSupport.framework/JavaRuntimeSupport
0x000000012117d000 	/System/Library/Frameworks/JavaVM.framework/Versions/A/Frameworks/JavaNativeFoundation.framework/Versions/A/JavaNativeFoundation
0x0000000121192000 	/System/Library/Frameworks/JavaVM.framework/Versions/A/JavaVM
0x000000000cf6d000 	/System/Library/Frameworks/Carbon.framework/Versions/A/Carbon
0x000000012119f000 	/System/Library/PrivateFrameworks/JavaLaunching.framework/Versions/A/JavaLaunching
0x000000000cf6d000 	/System/Library/Frameworks/Carbon.framework/Versions/A/Frameworks/CommonPanels.framework/Versions/A/CommonPanels
0x000000000cf6d000 	/System/Library/Frameworks/Carbon.framework/Versions/A/Frameworks/Help.framework/Versions/A/Help
0x000000000cf6d000 	/System/Library/Frameworks/Carbon.framework/Versions/A/Frameworks/ImageCapture.framework/Versions/A/ImageCapture
0x000000000cf6d000 	/System/Library/Frameworks/Carbon.framework/Versions/A/Frameworks/OpenScripting.framework/Versions/A/OpenScripting
0x000000000cf6d000 	/System/Library/Frameworks/Carbon.framework/Versions/A/Frameworks/Print.framework/Versions/A/Print
0x000000000cf6d000 	/System/Library/Frameworks/Carbon.framework/Versions/A/Frameworks/SecurityHI.framework/Versions/A/SecurityHI
0x00000001230d3000 	/Library/Java/JavaVirtualMachines/jdk1.8.0_112.jdk/Contents/Home/jre/lib/libawt.dylib
0x000000012317b000 	/Library/Java/JavaVirtualMachines/jdk1.8.0_112.jdk/Contents/Home/jre/lib/./libmlib_image.dylib
0x0000000123247000 	/Library/Java/JavaVirtualMachines/jdk1.8.0_112.jdk/Contents/Home/jre/lib/libawt_lwawt.dylib
0x00000001232fe000 	/Library/Java/JavaVirtualMachines/jdk1.8.0_112.jdk/Contents/Home/jre/lib/./libosxapp.dylib
0x000000000cf6d000 	/System/Library/Frameworks/ExceptionHandling.framework/Versions/A/ExceptionHandling
0x000000000cf6d000 	/System/Library/PrivateFrameworks/CoreServicesInternal.framework/Versions/A/CoreServicesInternal
0x000000000cf6d000 	/System/Library/PrivateFrameworks/CloudDocs.framework/Versions/A/CloudDocs
0x000000000cf6d000 	/System/Library/PrivateFrameworks/CoreDuet.framework/Versions/A/CoreDuet
0x000000000cf6d000 	/System/Library/Frameworks/CloudKit.framework/Versions/A/CloudKit
0x000000000cf6d000 	/System/Library/PrivateFrameworks/ProtocolBuffer.framework/Versions/A/ProtocolBuffer
0x000000000cf6d000 	/System/Library/PrivateFrameworks/CoreDuetDaemonProtocol.framework/Versions/A/CoreDuetDaemonProtocol
0x000000000cf6d000 	/System/Library/PrivateFrameworks/CoreDuetDebugLogging.framework/Versions/A/CoreDuetDebugLogging
0x000000000cf6d000 	/System/Library/PrivateFrameworks/MMCS.framework/Versions/A/MMCS
0x000000000cf6d000 	/System/Library/Frameworks/CoreLocation.framework/Versions/A/CoreLocation
0x000000000cf6d000 	/System/Library/PrivateFrameworks/ProtectedCloudStorage.framework/Versions/A/ProtectedCloudStorage
0x000000000cf6d000 	/System/Library/PrivateFrameworks/GeoServices.framework/Versions/A/GeoServices
0x000000000cf6d000 	/System/Library/Frameworks/CoreGraphics.framework/Versions/A/Resources/libCGCMS.A.dylib
0x000000000cf6d000 	/System/Library/Frameworks/CoreGraphics.framework/Versions/A/Resources/libRIP.A.dylib
0x000000000cf6d000 	/System/Library/Frameworks/CoreGraphics.framework/Versions/A/Resources/libCGXType.A.dylib
0x000000000cf6d000 	/System/Library/Frameworks/OpenCL.framework/Versions/A/Libraries/libcldcpuengine.dylib
0x000000000cf6d000 	/System/Library/PrivateFrameworks/DiskImages.framework/Versions/A/DiskImages
0x000000000cf6d000 	/System/Library/Frameworks/DiscRecording.framework/Versions/A/DiscRecording
0x000000000cf6d000 	/usr/lib/libcsfde.dylib
0x000000000cf6d000 	/usr/lib/libcurl.4.dylib
0x000000000cf6d000 	/System/Library/PrivateFrameworks/MediaKit.framework/Versions/A/MediaKit
0x000000000cf6d000 	/usr/lib/libCoreStorage.dylib
0x000000000cf6d000 	/System/Library/PrivateFrameworks/EFILogin.framework/Versions/A/EFILogin
0x000000000cf6d000 	/usr/lib/libutil.dylib
0x000000000cf6d000 	/System/Library/PrivateFrameworks/FindMyDevice.framework/Versions/A/FindMyDevice
0x000000000cf6d000 	/System/Library/Frameworks/LDAP.framework/Versions/A/LDAP
0x000000000cf6d000 	/usr/lib/libsasl2.2.dylib
0x000000000cf6d000 	/System/Library/PrivateFrameworks/CoreDaemon.framework/Versions/B/CoreDaemon
0x000000000cf6d000 	/usr/lib/libcrypto.0.9.8.dylib
0x000000000cf6d000 	/System/Library/PrivateFrameworks/AppleSRP.framework/Versions/A/AppleSRP
0x000000000cf6d000 	/System/Library/PrivateFrameworks/TrustEvaluationAgent.framework/Versions/A/TrustEvaluationAgent
0x00000001262aa000 	cl_kernels
0x00000001262ac000 	/System/Library/Frameworks/OpenCL.framework/Versions/A/Libraries/ImageFormats/unorm8_bgra.dylib
0x000000012629b000 	cl_kernels
0x000000000cf6d000 	/System/Library/PrivateFrameworks/FamilyControls.framework/Versions/A/FamilyControls
0x000000000cf6d000 	/System/Library/PrivateFrameworks/CommerceKit.framework/Versions/A/Frameworks/CommerceCore.framework/Versions/A/CommerceCore
0x000000000cf6d000 	/System/Library/PrivateFrameworks/SystemAdministration.framework/Versions/A/SystemAdministration
0x000000000cf6d000 	/System/Library/PrivateFrameworks/AppContainer.framework/Versions/A/AppContainer
0x000000000cf6d000 	/System/Library/PrivateFrameworks/SecCodeWrapper.framework/Versions/A/SecCodeWrapper
0x000000000cf6d000 	/System/Library/Frameworks/DirectoryService.framework/Versions/A/DirectoryService
0x000000000cf6d000 	/System/Library/PrivateFrameworks/LoginUIKit.framework/Versions/A/Frameworks/LoginUICore.framework/Versions/A/LoginUICore
0x000000000cf6d000 	/usr/lib/libodfde.dylib
0x000000012752a000 	/Library/Java/JavaVirtualMachines/jdk1.8.0_112.jdk/Contents/Home/jre/lib/libfontmanager.dylib
0x000000000cf6d000 	/System/Library/Frameworks/OpenGL.framework/Versions/A/Resources/GLEngine.bundle/GLEngine
0x000000000cf6d000 	/System/Library/Frameworks/OpenGL.framework/Versions/A/Libraries/libGLProgrammability.dylib
0x0000000127797000 	/System/Library/Extensions/AppleIntelHD5000GraphicsGLDriver.bundle/Contents/MacOS/AppleIntelHD5000GraphicsGLDriver
0x000000000cf6d000 	/System/Library/PrivateFrameworks/IOAccelerator.framework/Versions/A/IOAccelerator
0x000000000cf6d000 	/System/Library/PrivateFrameworks/GPUSupport.framework/Versions/A/Libraries/libGPUSupportMercury.dylib
0x000000000cf6d000 	/System/Library/Frameworks/OpenGL.framework/Versions/A/Resources/GLRendererFloat.bundle/GLRendererFloat
0x00000001287f1000 	/Library/Java/JavaVirtualMachines/jdk1.8.0_112.jdk/Contents/Home/jre/lib/libosxui.dylib
0x000000012a90d000 	/Library/Java/JavaVirtualMachines/jdk1.8.0_112.jdk/Contents/Home/jre/lib/libnet.dylib
0x000000012a96c000 	/Library/Java/JavaVirtualMachines/jdk1.8.0_112.jdk/Contents/Home/jre/lib/libnio.dylib
0x000000000cf6d000 	/System/Library/Frameworks/ApplicationServices.framework/Versions/A/Frameworks/ATS.framework/Versions/A/Resources/libTrueTypeScaler.dylib
0x000000000cf6d000 	/System/Library/Frameworks/Accelerate.framework/Versions/A/Frameworks/vImage.framework/Versions/A/Libraries/libCGInterfaces.dylib

VM Arguments:
jvm_args: -Dfile.encoding=ISO-8859-1 
java_command: vistas.Principal
java_class_path (initial): /Users/cristinavilas/Desktop/Programacion/Taxis/bin:/Users/cristinavilas/Downloads/joda-time-2.9.9.jar:/Users/cristinavilas/Desktop/Programacion/Taxis/jgoodies-forms-1.8.0.jar
Launcher Type: SUN_STANDARD

Environment Variables:
PATH=/usr/bin:/bin:/usr/sbin:/sbin
SHELL=/bin/bash

Signal Handlers:
SIGSEGV: [libjvm.dylib+0x5b11a5], sa_mask[0]=11111111011111110111111111111111, sa_flags=SA_ONSTACK|SA_RESTART|SA_SIGINFO
SIGBUS: [libjvm.dylib+0x5b11a5], sa_mask[0]=11111111011111110111111111111111, sa_flags=SA_RESTART|SA_SIGINFO
SIGFPE: [libjvm.dylib+0x487dc0], sa_mask[0]=11111111011111110111111111111111, sa_flags=SA_RESTART|SA_SIGINFO
SIGPIPE: [libjvm.dylib+0x487dc0], sa_mask[0]=11111111011111110111111111111111, sa_flags=SA_RESTART|SA_SIGINFO
SIGXFSZ: [libjvm.dylib+0x487dc0], sa_mask[0]=11111111011111110111111111111111, sa_flags=SA_RESTART|SA_SIGINFO
SIGILL: [libjvm.dylib+0x487dc0], sa_mask[0]=11111111011111110111111111111111, sa_flags=SA_RESTART|SA_SIGINFO
SIGUSR1: SIG_DFL, sa_mask[0]=00000000000000000000000000000000, sa_flags=none
SIGUSR2: [libjvm.dylib+0x4878de], sa_mask[0]=00100000000000000000000000000000, sa_flags=SA_RESTART|SA_SIGINFO
SIGHUP: [libjvm.dylib+0x485eb5], sa_mask[0]=11111111011111110111111111111111, sa_flags=SA_RESTART|SA_SIGINFO
SIGINT: [libjvm.dylib+0x485eb5], sa_mask[0]=11111111011111110111111111111111, sa_flags=SA_RESTART|SA_SIGINFO
SIGTERM: [libjvm.dylib+0x485eb5], sa_mask[0]=11111111011111110111111111111111, sa_flags=SA_RESTART|SA_SIGINFO
SIGQUIT: [libjvm.dylib+0x485eb5], sa_mask[0]=11111111011111110111111111111111, sa_flags=SA_RESTART|SA_SIGINFO


---------------  S Y S T E M  ---------------

OS:Bsduname:Darwin 14.5.0 Darwin Kernel Version 14.5.0: Wed Jul 29 02:26:53 PDT 2015; root:xnu-2782.40.9~1/RELEASE_X86_64 x86_64
rlimit: STACK 8192k, CORE 0k, NPROC 709, NOFILE 10240, AS infinity
load average:2.12 2.03 1.84

CPU:total 4 (4 cores per cpu, 1 threads per core) family 6 model 70 stepping 1, cmov, cx8, fxsr, mmx, sse, sse2, sse3, ssse3, sse4.1, sse4.2, popcnt, avx, avx2, aes, clmul, erms, lzcnt, tsc, tscinvbit, bmi1, bmi2

Memory: 4k page, physical 8388608k(28384k free)

/proc/meminfo:


vm_info: Java HotSpot(TM) 64-Bit Server VM (25.112-b16) for bsd-amd64 JRE (1.8.0_112-b16), built on Sep 30 2016 22:41:41 by "java_re" with gcc 4.2.1 (Based on Apple Inc. build 5658) (LLVM build 2336.11.00)

time: Sun Jun  4 23:33:10 2017
elapsed time: 9 seconds (0d 0h 0m 9s)

